
SQL*Loader: Release 21.0.0.0.0 - Production on Sat Dec 30 23:15:02 2023
Version 21.3.0.0.0

Copyright (c) 1982, 2021, Oracle and/or its affiliates.  All rights reserved.

Control File:   sqlldr/product.ctl
Data File:      data/productvendor.csv
  Bad File:     sqlldr/bad/product.bad
  Discard File:  none specified
 
 (Allow all discards)

Number to load: ALL
Number to skip: 1
Errors allowed: 50
Bind array:     250 rows, maximum of 1048576 bytes
Continuation:    none specified
Path used:      Conventional

Table PRODUCTVENDOR, loaded from every logical record.
Insert option in effect for this table: INSERT
TRAILING NULLCOLS option in effect

   Column Name                  Position   Len  Term Encl Datatype
------------------------------ ---------- ----- ---- ---- ---------------------
PRODUCTID                           FIRST     *   ;       CHARACTER            
BUSINESSENTITYID                     NEXT     *   ;       CHARACTER            
AVERAGELEADTIME                      NEXT     *   ;       CHARACTER            
STANDARDPRICE                        NEXT     *   ;       CHARACTER            
LASTRECEIPTCOST                      NEXT     *   ;       CHARACTER            
LASTRECEIPTDATE                      NEXT     *   ;       DATETIME YYYY-MM-DD HH24:MI:SS.FF
MINORDERQTY                          NEXT     *   ;       CHARACTER            
MAXORDERQTY                          NEXT     *   ;       CHARACTER            
ONORDERQTY                           NEXT     *   ;       CHARACTER            
UNITMEASURECODE                      NEXT     *   ;       CHARACTER            
MODIFIEDDATE                         NEXT     *   ;       DATETIME YYYY-MM-DD HH24:MI:SS.FF


Table PRODUCTVENDOR:
  460 Rows successfully loaded.
  0 Rows not loaded due to data errors.
  0 Rows not loaded because all WHEN clauses were failed.
  0 Rows not loaded because all fields were null.


Space allocated for bind array:                 709500 bytes(250 rows)
Read   buffer bytes: 1048576

Total logical records skipped:          1
Total logical records read:           460
Total logical records rejected:         0
Total logical records discarded:        0

Run began on Sat Dec 30 23:15:02 2023
Run ended on Sat Dec 30 23:15:03 2023

Elapsed time was:     00:00:01.12
CPU time was:         00:00:00.03
