
SQL*Loader: Release 19.0.0.0.0 - Production on Jeu. D‚c. 28 17:53:33 2023
Version 19.3.0.0.0

Copyright (c) 1982, 2019, Oracle and/or its affiliates.  All rights reserved.

Fichier de contr“le :   sqlldr/vendor.ctl
Fichier de donn‚es :      data/vendor.csv
  Fichier des enregistrements refus‚s :     sqlldr/log/vendor.bad
  Fichier de rebut :  aucune sp‚cification

 (Allouer tous les rebuts)

Nombre … charger : ALL
Nombre … ignorer : 1
Erreurs autoris‚s : 50
Tableau de variables :     250 lignes, maximum de 1048576 octets
Continuation :    aucune sp‚cification
Chemin utilis‚:      Classique

Table VENDOR, charg‚ … partir de chaque enregistrement physique.
Option d'insertion en vigueur pour cette table : INSERT
option TRAILING NULLCOLS effective

   Nom de colonne                  Position   Long  Type de donn‚es encadr.
------------------------------ ---------- ----- ---- ---- ---------------------
BUSINESSENTITYID                    FIRST     *   ;       CHARACTER            
ACCOUNTNUMBER                        NEXT     *   ;       CHARACTER            
NAME                                 NEXT     *   ;       CHARACTER            
CREDITRATING                         NEXT     *   ;       CHARACTER            
PREFERREDVENDORSTATUS                NEXT     1   ;       CHARACTER            
ACTIVEFLAG                           NEXT     1   ;       CHARACTER            
PURCHASINGWEBSERVICEURL              NEXT     *   ;       CHARACTER            
MODIFIEDDATE                         NEXT     *   ;       DATETIME YYYY-MM-DD HH24:MI:SS.FF


Table VENDOR :
  Chargement de 104 Lignes effectu‚.
  0 Lignes : chargement impossible d– … des erreurs de donn‚es.
  0 Lignes : chargement impossible car ‚chec de toutes les clauses WHEN.
  0 Lignes : chargement impossible car tous les champs ‚taient non renseign‚s.


Espace affect‚ au tableau de variables :                 389000 octets(250 lignes)
Octets de tampon de lecture : 1048576

Nombre total d'enregistrements logiques ignor‚s :          1
Nombre total d'enregistrements logiques lus :           104
Nombre total d'enregistrements logiques rejet‚s :         0
Nombre total d'enregistrements logiques mis au rebut :        0

Le d‚but de l'ex‚cution a ‚t‚ effectu‚ sur Jeu. D‚c.  28 17:53:33 2023
La fin de l'ex‚cution a ‚t‚ effectu‚e sur Jeu. D‚c.  28 17:53:38 2023

Temps ‚coul‚ (ELAPSED) :     00:00:05.72
Temps processeur (CPU) :    00:00:00.26
